============================= test session starts =============================
platform win32 -- Python 3.13.3, pytest-9.0.2, pluggy-1.6.0 -- C:\Python313\python.exe
cachedir: .pytest_cache
rootdir: P:\projects\AIRS
plugins: cov-7.0.0, mock-3.15.1, anyio-4.11.0
collecting ... collected 2 items

app/tests/test_roadmap.py::test_roadmap_crud FAILED                      [ 50%]
app/tests/test_roadmap.py::test_trend_endpoint PASSED                    [100%]

================================== FAILURES ===================================
______________________________ test_roadmap_crud ______________________________

self = <sqlalchemy.engine.base.Connection object at 0x000001D5D9C6E250>
dialect = <sqlalchemy.dialects.sqlite.pysqlite.SQLiteDialect_pysqlite object at 0x000001D5D86BE350>
context = <sqlalchemy.dialects.sqlite.base.SQLiteExecutionContext object at 0x000001D5D9C86750>
statement = <sqlalchemy.dialects.sqlite.base.SQLiteCompiler object at 0x000001D5D8804850>
parameters = [('630d7002-0c0a-4b65-8488-cf5837424ed1',)]

    def _exec_single_context(
        self,
        dialect: Dialect,
        context: ExecutionContext,
        statement: Union[str, Compiled],
        parameters: Optional[_AnyMultiExecuteParams],
    ) -> CursorResult[Any]:
        """continue the _execute_context() method for a single DBAPI
        cursor.execute() or cursor.executemany() call.
    
        """
        if dialect.bind_typing is BindTyping.SETINPUTSIZES:
            generic_setinputsizes = context._prepare_set_input_sizes()
    
            if generic_setinputsizes:
                try:
                    dialect.do_set_input_sizes(
                        context.cursor, generic_setinputsizes, context
                    )
                except BaseException as e:
                    self._handle_dbapi_exception(
                        e, str(statement), parameters, None, context
                    )
    
        cursor, str_statement, parameters = (
            context.cursor,
            context.statement,
            context.parameters,
        )
    
        effective_parameters: Optional[_AnyExecuteParams]
    
        if not context.executemany:
            effective_parameters = parameters[0]
        else:
            effective_parameters = parameters
    
        if self._has_events or self.engine._has_events:
            for fn in self.dispatch.before_cursor_execute:
                str_statement, effective_parameters = fn(
                    self,
                    cursor,
                    str_statement,
                    effective_parameters,
                    context,
                    context.executemany,
                )
    
        if self._echo:
            self._log_info(str_statement)
    
            stats = context._get_cache_stats()
    
            if not self.engine.hide_parameters:
                self._log_info(
                    "[%s] %r",
                    stats,
                    sql_util._repr_params(
                        effective_parameters,
                        batches=10,
                        ismulti=context.executemany,
                    ),
                )
            else:
                self._log_info(
                    "[%s] [SQL parameters hidden due to hide_parameters=True]",
                    stats,
                )
    
        evt_handled: bool = False
        try:
            if context.execute_style is ExecuteStyle.EXECUTEMANY:
                effective_parameters = cast(
                    "_CoreMultiExecuteParams", effective_parameters
                )
                if self.dialect._has_events:
                    for fn in self.dialect.dispatch.do_executemany:
                        if fn(
                            cursor,
                            str_statement,
                            effective_parameters,
                            context,
                        ):
                            evt_handled = True
                            break
                if not evt_handled:
                    self.dialect.do_executemany(
                        cursor,
                        str_statement,
                        effective_parameters,
                        context,
                    )
            elif not effective_parameters and context.no_parameters:
                if self.dialect._has_events:
                    for fn in self.dialect.dispatch.do_execute_no_params:
                        if fn(cursor, str_statement, context):
                            evt_handled = True
                            break
                if not evt_handled:
                    self.dialect.do_execute_no_params(
                        cursor, str_statement, context
                    )
            else:
                effective_parameters = cast(
                    "_CoreSingleExecuteParams", effective_parameters
                )
                if self.dialect._has_events:
                    for fn in self.dialect.dispatch.do_execute:
                        if fn(
                            cursor,
                            str_statement,
                            effective_parameters,
                            context,
                        ):
                            evt_handled = True
                            break
                if not evt_handled:
>                   self.dialect.do_execute(
                        cursor, str_statement, effective_parameters, context
                    )

C:\Users\purva\AppData\Roaming\Python\Python313\site-packages\sqlalchemy\engine\base.py:1967: 
_ _ _ _ _ _ _ _ _ _ _ _ _ _ _ _ _ _ _ _ _ _ _ _ _ _ _ _ _ _ _ _ _ _ _ _ _ _ _ _

self = <sqlalchemy.dialects.sqlite.pysqlite.SQLiteDialect_pysqlite object at 0x000001D5D86BE350>
cursor = <sqlite3.Cursor object at 0x000001D5D882BEC0>
statement = 'SELECT roadmap_items.id, roadmap_items.organization_id, roadmap_items.assessment_id, roadmap_items.owner_uid, roadmap...p_items.due_date, roadmap_items.created_at, roadmap_items.updated_at \nFROM roadmap_items \nWHERE roadmap_items.id = ?'
parameters = ('630d7002-0c0a-4b65-8488-cf5837424ed1',)
context = <sqlalchemy.dialects.sqlite.base.SQLiteExecutionContext object at 0x000001D5D9C86750>

    def do_execute(self, cursor, statement, parameters, context=None):
>       cursor.execute(statement, parameters)
E       sqlite3.OperationalError: no such table: roadmap_items

C:\Users\purva\AppData\Roaming\Python\Python313\site-packages\sqlalchemy\engine\default.py:952: OperationalError

The above exception was the direct cause of the following exception:

client = <starlette.testclient.TestClient object at 0x000001D5D8765400>
db_session = <sqlalchemy.orm.session.Session object at 0x000001D5D87652B0>

    def test_roadmap_crud(client, db_session: Session):
        # 1. Create Organization
        org = Organization(name="Roadmap Test Org", owner_uid="dev-user")
        db_session.add(org)
        db_session.commit()
        db_session.refresh(org)
    
        org_id = org.id
    
        # 2. Create Roadmap Item
        item_data = {
            "title": "Fix critical vulnerability",
            "description": "Patch server",
            "status": "todo",
            "priority": "high",
            "effort": "low"
        }
    
>       response = client.post(f"/api/orgs/{org_id}/roadmap", json=item_data, headers={"Authorization": "Bearer mock-token"})
                   ^^^^^^^^^^^^^^^^^^^^^^^^^^^^^^^^^^^^^^^^^^^^^^^^^^^^^^^^^^^^^^^^^^^^^^^^^^^^^^^^^^^^^^^^^^^^^^^^^^^^^^^^^^

app\tests\test_roadmap.py:26: 
_ _ _ _ _ _ _ _ _ _ _ _ _ _ _ _ _ _ _ _ _ _ _ _ _ _ _ _ _ _ _ _ _ _ _ _ _ _ _ _
C:\Users\purva\AppData\Roaming\Python\Python313\site-packages\starlette\testclient.py:552: in post
    return super().post(
C:\Python313\Lib\site-packages\httpx\_client.py:1144: in post
    return self.request(
C:\Users\purva\AppData\Roaming\Python\Python313\site-packages\starlette\testclient.py:451: in request
    return super().request(
C:\Python313\Lib\site-packages\httpx\_client.py:825: in request
    return self.send(request, auth=auth, follow_redirects=follow_redirects)
           ^^^^^^^^^^^^^^^^^^^^^^^^^^^^^^^^^^^^^^^^^^^^^^^^^^^^^^^^^^^^^^^^
C:\Python313\Lib\site-packages\httpx\_client.py:914: in send
    response = self._send_handling_auth(
C:\Python313\Lib\site-packages\httpx\_client.py:942: in _send_handling_auth
    response = self._send_handling_redirects(
C:\Python313\Lib\site-packages\httpx\_client.py:979: in _send_handling_redirects
    response = self._send_single_request(request)
               ^^^^^^^^^^^^^^^^^^^^^^^^^^^^^^^^^^
C:\Python313\Lib\site-packages\httpx\_client.py:1014: in _send_single_request
    response = transport.handle_request(request)
               ^^^^^^^^^^^^^^^^^^^^^^^^^^^^^^^^^
C:\Users\purva\AppData\Roaming\Python\Python313\site-packages\starlette\testclient.py:354: in handle_request
    raise exc
C:\Users\purva\AppData\Roaming\Python\Python313\site-packages\starlette\testclient.py:351: in handle_request
    portal.call(self.app, scope, receive, send)
C:\Python313\Lib\site-packages\anyio\from_thread.py:321: in call
    return cast(T_Retval, self.start_task_soon(func, *args).result())
                          ^^^^^^^^^^^^^^^^^^^^^^^^^^^^^^^^^^^^^^^^^^
C:\Python313\Lib\concurrent\futures\_base.py:456: in result
    return self.__get_result()
           ^^^^^^^^^^^^^^^^^^^
C:\Python313\Lib\concurrent\futures\_base.py:401: in __get_result
    raise self._exception
C:\Python313\Lib\site-packages\anyio\from_thread.py:252: in _call_func
    retval = await retval_or_awaitable
             ^^^^^^^^^^^^^^^^^^^^^^^^^
C:\Users\purva\AppData\Roaming\Python\Python313\site-packages\fastapi\applications.py:1133: in __call__
    await super().__call__(scope, receive, send)
C:\Users\purva\AppData\Roaming\Python\Python313\site-packages\starlette\applications.py:113: in __call__
    await self.middleware_stack(scope, receive, send)
C:\Users\purva\AppData\Roaming\Python\Python313\site-packages\starlette\middleware\errors.py:186: in __call__
    raise exc
C:\Users\purva\AppData\Roaming\Python\Python313\site-packages\starlette\middleware\errors.py:164: in __call__
    await self.app(scope, receive, _send)
C:\Users\purva\AppData\Roaming\Python\Python313\site-packages\starlette\middleware\cors.py:85: in __call__
    await self.app(scope, receive, send)
C:\Users\purva\AppData\Roaming\Python\Python313\site-packages\starlette\middleware\base.py:182: in __call__
    with recv_stream, send_stream, collapse_excgroups():
                                   ^^^^^^^^^^^^^^^^^^^^
C:\Python313\Lib\contextlib.py:162: in __exit__
    self.gen.throw(value)
C:\Users\purva\AppData\Roaming\Python\Python313\site-packages\starlette\_utils.py:85: in collapse_excgroups
    raise exc
C:\Users\purva\AppData\Roaming\Python\Python313\site-packages\starlette\middleware\base.py:184: in __call__
    response = await self.dispatch_func(request, call_next)
               ^^^^^^^^^^^^^^^^^^^^^^^^^^^^^^^^^^^^^^^^^^^^
app\core\middleware.py:57: in dispatch
    response = await call_next(request)
               ^^^^^^^^^^^^^^^^^^^^^^^^
C:\Users\purva\AppData\Roaming\Python\Python313\site-packages\starlette\middleware\base.py:159: in call_next
    raise app_exc
C:\Users\purva\AppData\Roaming\Python\Python313\site-packages\starlette\middleware\base.py:144: in coro
    await self.app(scope, receive_or_disconnect, send_no_error)
C:\Users\purva\AppData\Roaming\Python\Python313\site-packages\starlette\middleware\exceptions.py:63: in __call__
    await wrap_app_handling_exceptions(self.app, conn)(scope, receive, send)
C:\Users\purva\AppData\Roaming\Python\Python313\site-packages\starlette\_exception_handler.py:53: in wrapped_app
    raise exc
C:\Users\purva\AppData\Roaming\Python\Python313\site-packages\starlette\_exception_handler.py:42: in wrapped_app
    await app(scope, receive, sender)
C:\Users\purva\AppData\Roaming\Python\Python313\site-packages\fastapi\middleware\asyncexitstack.py:18: in __call__
    await self.app(scope, receive, send)
C:\Users\purva\AppData\Roaming\Python\Python313\site-packages\starlette\routing.py:716: in __call__
    await self.middleware_stack(scope, receive, send)
C:\Users\purva\AppData\Roaming\Python\Python313\site-packages\starlette\routing.py:736: in app
    await route.handle(scope, receive, send)
C:\Users\purva\AppData\Roaming\Python\Python313\site-packages\starlette\routing.py:290: in handle
    await self.app(scope, receive, send)
C:\Users\purva\AppData\Roaming\Python\Python313\site-packages\fastapi\routing.py:123: in app
    await wrap_app_handling_exceptions(app, request)(scope, receive, send)
C:\Users\purva\AppData\Roaming\Python\Python313\site-packages\starlette\_exception_handler.py:53: in wrapped_app
    raise exc
C:\Users\purva\AppData\Roaming\Python\Python313\site-packages\starlette\_exception_handler.py:42: in wrapped_app
    await app(scope, receive, sender)
C:\Users\purva\AppData\Roaming\Python\Python313\site-packages\fastapi\routing.py:109: in app
    response = await f(request)
               ^^^^^^^^^^^^^^^^
C:\Users\purva\AppData\Roaming\Python\Python313\site-packages\fastapi\routing.py:387: in app
    raw_response = await run_endpoint_function(
C:\Users\purva\AppData\Roaming\Python\Python313\site-packages\fastapi\routing.py:290: in run_endpoint_function
    return await run_in_threadpool(dependant.call, **values)
           ^^^^^^^^^^^^^^^^^^^^^^^^^^^^^^^^^^^^^^^^^^^^^^^^^
C:\Users\purva\AppData\Roaming\Python\Python313\site-packages\starlette\concurrency.py:38: in run_in_threadpool
    return await anyio.to_thread.run_sync(func)
           ^^^^^^^^^^^^^^^^^^^^^^^^^^^^^^^^^^^^
C:\Python313\Lib\site-packages\anyio\to_thread.py:56: in run_sync
    return await get_async_backend().run_sync_in_worker_thread(
C:\Python313\Lib\site-packages\anyio\_backends\_asyncio.py:2485: in run_sync_in_worker_thread
    return await future
           ^^^^^^^^^^^^
C:\Python313\Lib\site-packages\anyio\_backends\_asyncio.py:976: in run
    result = context.run(func, *args)
             ^^^^^^^^^^^^^^^^^^^^^^^^
app\api\roadmap.py:76: in create_roadmap_item
    db.refresh(db_item)
C:\Users\purva\AppData\Roaming\Python\Python313\site-packages\sqlalchemy\orm\session.py:3154: in refresh
    loading.load_on_ident(
C:\Users\purva\AppData\Roaming\Python\Python313\site-packages\sqlalchemy\orm\loading.py:510: in load_on_ident
    return load_on_pk_identity(
C:\Users\purva\AppData\Roaming\Python\Python313\site-packages\sqlalchemy\orm\loading.py:695: in load_on_pk_identity
    session.execute(
C:\Users\purva\AppData\Roaming\Python\Python313\site-packages\sqlalchemy\orm\session.py:2351: in execute
    return self._execute_internal(
C:\Users\purva\AppData\Roaming\Python\Python313\site-packages\sqlalchemy\orm\session.py:2249: in _execute_internal
    result: Result[Any] = compile_state_cls.orm_execute_statement(
C:\Users\purva\AppData\Roaming\Python\Python313\site-packages\sqlalchemy\orm\context.py:306: in orm_execute_statement
    result = conn.execute(
C:\Users\purva\AppData\Roaming\Python\Python313\site-packages\sqlalchemy\engine\base.py:1419: in execute
    return meth(
C:\Users\purva\AppData\Roaming\Python\Python313\site-packages\sqlalchemy\sql\elements.py:527: in _execute_on_connection
    return connection._execute_clauseelement(
C:\Users\purva\AppData\Roaming\Python\Python313\site-packages\sqlalchemy\engine\base.py:1641: in _execute_clauseelement
    ret = self._execute_context(
C:\Users\purva\AppData\Roaming\Python\Python313\site-packages\sqlalchemy\engine\base.py:1846: in _execute_context
    return self._exec_single_context(
C:\Users\purva\AppData\Roaming\Python\Python313\site-packages\sqlalchemy\engine\base.py:1986: in _exec_single_context
    self._handle_dbapi_exception(
C:\Users\purva\AppData\Roaming\Python\Python313\site-packages\sqlalchemy\engine\base.py:2363: in _handle_dbapi_exception
    raise sqlalchemy_exception.with_traceback(exc_info[2]) from e
C:\Users\purva\AppData\Roaming\Python\Python313\site-packages\sqlalchemy\engine\base.py:1967: in _exec_single_context
    self.dialect.do_execute(
_ _ _ _ _ _ _ _ _ _ _ _ _ _ _ _ _ _ _ _ _ _ _ _ _ _ _ _ _ _ _ _ _ _ _ _ _ _ _ _

self = <sqlalchemy.dialects.sqlite.pysqlite.SQLiteDialect_pysqlite object at 0x000001D5D86BE350>
cursor = <sqlite3.Cursor object at 0x000001D5D882BEC0>
statement = 'SELECT roadmap_items.id, roadmap_items.organization_id, roadmap_items.assessment_id, roadmap_items.owner_uid, roadmap...p_items.due_date, roadmap_items.created_at, roadmap_items.updated_at \nFROM roadmap_items \nWHERE roadmap_items.id = ?'
parameters = ('630d7002-0c0a-4b65-8488-cf5837424ed1',)
context = <sqlalchemy.dialects.sqlite.base.SQLiteExecutionContext object at 0x000001D5D9C86750>

    def do_execute(self, cursor, statement, parameters, context=None):
>       cursor.execute(statement, parameters)
E       sqlalchemy.exc.OperationalError: (sqlite3.OperationalError) no such table: roadmap_items
E       [SQL: SELECT roadmap_items.id, roadmap_items.organization_id, roadmap_items.assessment_id, roadmap_items.owner_uid, roadmap_items.title, roadmap_items.description, roadmap_items.status, roadmap_items.priority, roadmap_items.effort, roadmap_items.due_date, roadmap_items.created_at, roadmap_items.updated_at 
E       FROM roadmap_items 
E       WHERE roadmap_items.id = ?]
E       [parameters: ('630d7002-0c0a-4b65-8488-cf5837424ed1',)]
E       (Background on this error at: https://sqlalche.me/e/20/e3q8)

C:\Users\purva\AppData\Roaming\Python\Python313\site-packages\sqlalchemy\engine\default.py:952: OperationalError
---------------------------- Captured stdout call -----------------------------
2026-01-22 22:26:16 | INFO     | 974c6e52-463 | airs.middleware | Request started: POST /api/orgs/d6b8f707-aa5d-44a2-b741-b4a90103285f/roadmap
2026-01-22 22:26:16 | WARNING  | 974c6e52-463 | airs.auth | Firebase Admin SDK not installed. Using mock authentication.
2026-01-22 22:26:16 | ERROR    | 974c6e52-463 | airs.middleware | Request failed: POST /api/orgs/d6b8f707-aa5d-44a2-b741-b4a90103285f/roadmap error=OperationalError duration=13.10ms
2026-01-22 22:26:16 | ERROR    | 974c6e52-463 | airs.errors | Unhandled exception: OperationalError: (sqlite3.OperationalError) no such table: roadmap_items
[SQL: SELECT roadmap_items.id, roadmap_items.organization_id, roadmap_items.assessment_id, roadmap_items.owner_uid, roadmap_items.title, roadmap_items.description, roadmap_items.status, roadmap_items.priority, roadmap_items.effort, roadmap_items.due_date, roadmap_items.created_at, roadmap_items.updated_at 
FROM roadmap_items 
WHERE roadmap_items.id = ?]
[parameters: ('630d7002-0c0a-4b65-8488-cf5837424ed1',)]
(Background on this error at: https://sqlalche.me/e/20/e3q8)
Traceback (most recent call last):
  File "C:\Users\purva\AppData\Roaming\Python\Python313\site-packages\sqlalchemy\engine\base.py", line 1967, in _exec_single_context
    self.dialect.do_execute(
    ~~~~~~~~~~~~~~~~~~~~~~~^
        cursor, str_statement, effective_parameters, context
        ^^^^^^^^^^^^^^^^^^^^^^^^^^^^^^^^^^^^^^^^^^^^^^^^^^^^
    )
    ^
  File "C:\Users\purva\AppData\Roaming\Python\Python313\site-packages\sqlalchemy\engine\default.py", line 952, in do_execute
    cursor.execute(statement, parameters)
    ~~~~~~~~~~~~~~^^^^^^^^^^^^^^^^^^^^^^^
sqlite3.OperationalError: no such table: roadmap_items

The above exception was the direct cause of the following exception:

Traceback (most recent call last):
  File "C:\Users\purva\AppData\Roaming\Python\Python313\site-packages\starlette\middleware\errors.py", line 164, in __call__
    await self.app(scope, receive, _send)
  File "C:\Users\purva\AppData\Roaming\Python\Python313\site-packages\starlette\middleware\cors.py", line 85, in __call__
    await self.app(scope, receive, send)
  File "C:\Users\purva\AppData\Roaming\Python\Python313\site-packages\starlette\middleware\base.py", line 182, in __call__
    with recv_stream, send_stream, collapse_excgroups():
                                   ~~~~~~~~~~~~~~~~~~^^
  File "C:\Python313\Lib\contextlib.py", line 162, in __exit__
    self.gen.throw(value)
    ~~~~~~~~~~~~~~^^^^^^^
  File "C:\Users\purva\AppData\Roaming\Python\Python313\site-packages\starlette\_utils.py", line 85, in collapse_excgroups
    raise exc
  File "C:\Users\purva\AppData\Roaming\Python\Python313\site-packages\starlette\middleware\base.py", line 184, in __call__
    response = await self.dispatch_func(request, call_next)
               ^^^^^^^^^^^^^^^^^^^^^^^^^^^^^^^^^^^^^^^^^^^^
  File "P:\projects\AIRS\app\core\middleware.py", line 57, in dispatch
    response = await call_next(request)
               ^^^^^^^^^^^^^^^^^^^^^^^^
  File "C:\Users\purva\AppData\Roaming\Python\Python313\site-packages\starlette\middleware\base.py", line 159, in call_next
    raise app_exc
  File "C:\Users\purva\AppData\Roaming\Python\Python313\site-packages\starlette\middleware\base.py", line 144, in coro
    await self.app(scope, receive_or_disconnect, send_no_error)
  File "C:\Users\purva\AppData\Roaming\Python\Python313\site-packages\starlette\middleware\exceptions.py", line 63, in __call__
    await wrap_app_handling_exceptions(self.app, conn)(scope, receive, send)
  File "C:\Users\purva\AppData\Roaming\Python\Python313\site-packages\starlette\_exception_handler.py", line 53, in wrapped_app
    raise exc
  File "C:\Users\purva\AppData\Roaming\Python\Python313\site-packages\starlette\_exception_handler.py", line 42, in wrapped_app
    await app(scope, receive, sender)
  File "C:\Users\purva\AppData\Roaming\Python\Python313\site-packages\fastapi\middleware\asyncexitstack.py", line 18, in __call__
    await self.app(scope, receive, send)
  File "C:\Users\purva\AppData\Roaming\Python\Python313\site-packages\starlette\routing.py", line 716, in __call__
    await self.middleware_stack(scope, receive, send)
  File "C:\Users\purva\AppData\Roaming\Python\Python313\site-packages\starlette\routing.py", line 736, in app
    await route.handle(scope, receive, send)
  File "C:\Users\purva\AppData\Roaming\Python\Python313\site-packages\starlette\routing.py", line 290, in handle
    await self.app(scope, receive, send)
  File "C:\Users\purva\AppData\Roaming\Python\Python313\site-packages\fastapi\routing.py", line 123, in app
    await wrap_app_handling_exceptions(app, request)(scope, receive, send)
  File "C:\Users\purva\AppData\Roaming\Python\Python313\site-packages\starlette\_exception_handler.py", line 53, in wrapped_app
    raise exc
  File "C:\Users\purva\AppData\Roaming\Python\Python313\site-packages\starlette\_exception_handler.py", line 42, in wrapped_app
    await app(scope, receive, sender)
  File "C:\Users\purva\AppData\Roaming\Python\Python313\site-packages\fastapi\routing.py", line 109, in app
    response = await f(request)
               ^^^^^^^^^^^^^^^^
  File "C:\Users\purva\AppData\Roaming\Python\Python313\site-packages\fastapi\routing.py", line 387, in app
    raw_response = await run_endpoint_function(
                   ^^^^^^^^^^^^^^^^^^^^^^^^^^^^
    ...<3 lines>...
    )
    ^
  File "C:\Users\purva\AppData\Roaming\Python\Python313\site-packages\fastapi\routing.py", line 290, in run_endpoint_function
    return await run_in_threadpool(dependant.call, **values)
           ^^^^^^^^^^^^^^^^^^^^^^^^^^^^^^^^^^^^^^^^^^^^^^^^^
  File "C:\Users\purva\AppData\Roaming\Python\Python313\site-packages\starlette\concurrency.py", line 38, in run_in_threadpool
    return await anyio.to_thread.run_sync(func)
           ^^^^^^^^^^^^^^^^^^^^^^^^^^^^^^^^^^^^
  File "C:\Python313\Lib\site-packages\anyio\to_thread.py", line 56, in run_sync
    return await get_async_backend().run_sync_in_worker_thread(
           ^^^^^^^^^^^^^^^^^^^^^^^^^^^^^^^^^^^^^^^^^^^^^^^^^^^^
        func, args, abandon_on_cancel=abandon_on_cancel, limiter=limiter
        ^^^^^^^^^^^^^^^^^^^^^^^^^^^^^^^^^^^^^^^^^^^^^^^^^^^^^^^^^^^^^^^^
    )
    ^
  File "C:\Python313\Lib\site-packages\anyio\_backends\_asyncio.py", line 2485, in run_sync_in_worker_thread
    return await future
           ^^^^^^^^^^^^
  File "C:\Python313\Lib\site-packages\anyio\_backends\_asyncio.py", line 976, in run
    result = context.run(func, *args)
  File "P:\projects\AIRS\app\api\roadmap.py", line 76, in create_roadmap_item
    db.refresh(db_item)
    ~~~~~~~~~~^^^^^^^^^
  File "C:\Users\purva\AppData\Roaming\Python\Python313\site-packages\sqlalchemy\orm\session.py", line 3154, in refresh
    loading.load_on_ident(
    ~~~~~~~~~~~~~~~~~~~~~^
        self,
        ^^^^^
    ...<10 lines>...
        is_user_refresh=True,
        ^^^^^^^^^^^^^^^^^^^^^
    )
    ^
  File "C:\Users\purva\AppData\Roaming\Python\Python313\site-packages\sqlalchemy\orm\loading.py", line 510, in load_on_ident
    return load_on_pk_identity(
        session,
    ...<11 lines>...
        is_user_refresh=is_user_refresh,
    )
  File "C:\Users\purva\AppData\Roaming\Python\Python313\site-packages\sqlalchemy\orm\loading.py", line 695, in load_on_pk_identity
    session.execute(
    ~~~~~~~~~~~~~~~^
        q,
        ^^
    ...<2 lines>...
        bind_arguments=bind_arguments,
        ^^^^^^^^^^^^^^^^^^^^^^^^^^^^^^
    )
    ^
  File "C:\Users\purva\AppData\Roaming\Python\Python313\site-packages\sqlalchemy\orm\session.py", line 2351, in execute
    return self._execute_internal(
           ~~~~~~~~~~~~~~~~~~~~~~^
        statement,
        ^^^^^^^^^^
    ...<4 lines>...
        _add_event=_add_event,
        ^^^^^^^^^^^^^^^^^^^^^^
    )
    ^
  File "C:\Users\purva\AppData\Roaming\Python\Python313\site-packages\sqlalchemy\orm\session.py", line 2249, in _execute_internal
    result: Result[Any] = compile_state_cls.orm_execute_statement(
                          ~~~~~~~~~~~~~~~~~~~~~~~~~~~~~~~~~~~~~~~^
        self,
        ^^^^^
    ...<4 lines>...
        conn,
        ^^^^^
    )
    ^
  File "C:\Users\purva\AppData\Roaming\Python\Python313\site-packages\sqlalchemy\orm\context.py", line 306, in orm_execute_statement
    result = conn.execute(
        statement, params or {}, execution_options=execution_options
    )
  File "C:\Users\purva\AppData\Roaming\Python\Python313\site-packages\sqlalchemy\engine\base.py", line 1419, in execute
    return meth(
        self,
        distilled_parameters,
        execution_options or NO_OPTIONS,
    )
  File "C:\Users\purva\AppData\Roaming\Python\Python313\site-packages\sqlalchemy\sql\elements.py", line 527, in _execute_on_connection
    return connection._execute_clauseelement(
           ~~~~~~~~~~~~~~~~~~~~~~~~~~~~~~~~~^
        self, distilled_params, execution_options
        ^^^^^^^^^^^^^^^^^^^^^^^^^^^^^^^^^^^^^^^^^
    )
    ^
  File "C:\Users\purva\AppData\Roaming\Python\Python313\site-packages\sqlalchemy\engine\base.py", line 1641, in _execute_clauseelement
    ret = self._execute_context(
        dialect,
    ...<8 lines>...
        cache_hit=cache_hit,
    )
  File "C:\Users\purva\AppData\Roaming\Python\Python313\site-packages\sqlalchemy\engine\base.py", line 1846, in _execute_context
    return self._exec_single_context(
           ~~~~~~~~~~~~~~~~~~~~~~~~~^
        dialect, context, statement, parameters
        ^^^^^^^^^^^^^^^^^^^^^^^^^^^^^^^^^^^^^^^
    )
    ^
  File "C:\Users\purva\AppData\Roaming\Python\Python313\site-packages\sqlalchemy\engine\base.py", line 1986, in _exec_single_context
    self._handle_dbapi_exception(
    ~~~~~~~~~~~~~~~~~~~~~~~~~~~~^
        e, str_statement, effective_parameters, cursor, context
        ^^^^^^^^^^^^^^^^^^^^^^^^^^^^^^^^^^^^^^^^^^^^^^^^^^^^^^^
    )
    ^
  File "C:\Users\purva\AppData\Roaming\Python\Python313\site-packages\sqlalchemy\engine\base.py", line 2363, in _handle_dbapi_exception
    raise sqlalchemy_exception.with_traceback(exc_info[2]) from e
  File "C:\Users\purva\AppData\Roaming\Python\Python313\site-packages\sqlalchemy\engine\base.py", line 1967, in _exec_single_context
    self.dialect.do_execute(
    ~~~~~~~~~~~~~~~~~~~~~~~^
        cursor, str_statement, effective_parameters, context
        ^^^^^^^^^^^^^^^^^^^^^^^^^^^^^^^^^^^^^^^^^^^^^^^^^^^^
    )
    ^
  File "C:\Users\purva\AppData\Roaming\Python\Python313\site-packages\sqlalchemy\engine\default.py", line 952, in do_execute
    cursor.execute(statement, parameters)
    ~~~~~~~~~~~~~~^^^^^^^^^^^^^^^^^^^^^^^
sqlalchemy.exc.OperationalError: (sqlite3.OperationalError) no such table: roadmap_items
[SQL: SELECT roadmap_items.id, roadmap_items.organization_id, roadmap_items.assessment_id, roadmap_items.owner_uid, roadmap_items.title, roadmap_items.description, roadmap_items.status, roadmap_items.priority, roadmap_items.effort, roadmap_items.due_date, roadmap_items.created_at, roadmap_items.updated_at 
FROM roadmap_items 
WHERE roadmap_items.id = ?]
[parameters: ('630d7002-0c0a-4b65-8488-cf5837424ed1',)]
(Background on this error at: https://sqlalche.me/e/20/e3q8)
------------------------------ Captured log call ------------------------------
INFO     airs.middleware:middleware.py:51 Request started: POST /api/orgs/d6b8f707-aa5d-44a2-b741-b4a90103285f/roadmap
WARNING  airs.auth:auth.py:98 Firebase Admin SDK not installed. Using mock authentication.
ERROR    airs.middleware:middleware.py:78 Request failed: POST /api/orgs/d6b8f707-aa5d-44a2-b741-b4a90103285f/roadmap error=OperationalError duration=13.10ms
ERROR    airs.errors:logging.py:248 Unhandled exception: OperationalError: (sqlite3.OperationalError) no such table: roadmap_items
[SQL: SELECT roadmap_items.id, roadmap_items.organization_id, roadmap_items.assessment_id, roadmap_items.owner_uid, roadmap_items.title, roadmap_items.description, roadmap_items.status, roadmap_items.priority, roadmap_items.effort, roadmap_items.due_date, roadmap_items.created_at, roadmap_items.updated_at 
FROM roadmap_items 
WHERE roadmap_items.id = ?]
[parameters: ('630d7002-0c0a-4b65-8488-cf5837424ed1',)]
(Background on this error at: https://sqlalche.me/e/20/e3q8)
Traceback (most recent call last):
  File "C:\Users\purva\AppData\Roaming\Python\Python313\site-packages\sqlalchemy\engine\base.py", line 1967, in _exec_single_context
    self.dialect.do_execute(
    ~~~~~~~~~~~~~~~~~~~~~~~^
        cursor, str_statement, effective_parameters, context
        ^^^^^^^^^^^^^^^^^^^^^^^^^^^^^^^^^^^^^^^^^^^^^^^^^^^^
    )
    ^
  File "C:\Users\purva\AppData\Roaming\Python\Python313\site-packages\sqlalchemy\engine\default.py", line 952, in do_execute
    cursor.execute(statement, parameters)
    ~~~~~~~~~~~~~~^^^^^^^^^^^^^^^^^^^^^^^
sqlite3.OperationalError: no such table: roadmap_items

The above exception was the direct cause of the following exception:

Traceback (most recent call last):
  File "C:\Users\purva\AppData\Roaming\Python\Python313\site-packages\starlette\middleware\errors.py", line 164, in __call__
    await self.app(scope, receive, _send)
  File "C:\Users\purva\AppData\Roaming\Python\Python313\site-packages\starlette\middleware\cors.py", line 85, in __call__
    await self.app(scope, receive, send)
  File "C:\Users\purva\AppData\Roaming\Python\Python313\site-packages\starlette\middleware\base.py", line 182, in __call__
    with recv_stream, send_stream, collapse_excgroups():
                                   ~~~~~~~~~~~~~~~~~~^^
  File "C:\Python313\Lib\contextlib.py", line 162, in __exit__
    self.gen.throw(value)
    ~~~~~~~~~~~~~~^^^^^^^
  File "C:\Users\purva\AppData\Roaming\Python\Python313\site-packages\starlette\_utils.py", line 85, in collapse_excgroups
    raise exc
  File "C:\Users\purva\AppData\Roaming\Python\Python313\site-packages\starlette\middleware\base.py", line 184, in __call__
    response = await self.dispatch_func(request, call_next)
               ^^^^^^^^^^^^^^^^^^^^^^^^^^^^^^^^^^^^^^^^^^^^
  File "P:\projects\AIRS\app\core\middleware.py", line 57, in dispatch
    response = await call_next(request)
               ^^^^^^^^^^^^^^^^^^^^^^^^
  File "C:\Users\purva\AppData\Roaming\Python\Python313\site-packages\starlette\middleware\base.py", line 159, in call_next
    raise app_exc
  File "C:\Users\purva\AppData\Roaming\Python\Python313\site-packages\starlette\middleware\base.py", line 144, in coro
    await self.app(scope, receive_or_disconnect, send_no_error)
  File "C:\Users\purva\AppData\Roaming\Python\Python313\site-packages\starlette\middleware\exceptions.py", line 63, in __call__
    await wrap_app_handling_exceptions(self.app, conn)(scope, receive, send)
  File "C:\Users\purva\AppData\Roaming\Python\Python313\site-packages\starlette\_exception_handler.py", line 53, in wrapped_app
    raise exc
  File "C:\Users\purva\AppData\Roaming\Python\Python313\site-packages\starlette\_exception_handler.py", line 42, in wrapped_app
    await app(scope, receive, sender)
  File "C:\Users\purva\AppData\Roaming\Python\Python313\site-packages\fastapi\middleware\asyncexitstack.py", line 18, in __call__
    await self.app(scope, receive, send)
  File "C:\Users\purva\AppData\Roaming\Python\Python313\site-packages\starlette\routing.py", line 716, in __call__
    await self.middleware_stack(scope, receive, send)
  File "C:\Users\purva\AppData\Roaming\Python\Python313\site-packages\starlette\routing.py", line 736, in app
    await route.handle(scope, receive, send)
  File "C:\Users\purva\AppData\Roaming\Python\Python313\site-packages\starlette\routing.py", line 290, in handle
    await self.app(scope, receive, send)
  File "C:\Users\purva\AppData\Roaming\Python\Python313\site-packages\fastapi\routing.py", line 123, in app
    await wrap_app_handling_exceptions(app, request)(scope, receive, send)
  File "C:\Users\purva\AppData\Roaming\Python\Python313\site-packages\starlette\_exception_handler.py", line 53, in wrapped_app
    raise exc
  File "C:\Users\purva\AppData\Roaming\Python\Python313\site-packages\starlette\_exception_handler.py", line 42, in wrapped_app
    await app(scope, receive, sender)
  File "C:\Users\purva\AppData\Roaming\Python\Python313\site-packages\fastapi\routing.py", line 109, in app
    response = await f(request)
               ^^^^^^^^^^^^^^^^
  File "C:\Users\purva\AppData\Roaming\Python\Python313\site-packages\fastapi\routing.py", line 387, in app
    raw_response = await run_endpoint_function(
                   ^^^^^^^^^^^^^^^^^^^^^^^^^^^^
    ...<3 lines>...
    )
    ^
  File "C:\Users\purva\AppData\Roaming\Python\Python313\site-packages\fastapi\routing.py", line 290, in run_endpoint_function
    return await run_in_threadpool(dependant.call, **values)
           ^^^^^^^^^^^^^^^^^^^^^^^^^^^^^^^^^^^^^^^^^^^^^^^^^
  File "C:\Users\purva\AppData\Roaming\Python\Python313\site-packages\starlette\concurrency.py", line 38, in run_in_threadpool
    return await anyio.to_thread.run_sync(func)
           ^^^^^^^^^^^^^^^^^^^^^^^^^^^^^^^^^^^^
  File "C:\Python313\Lib\site-packages\anyio\to_thread.py", line 56, in run_sync
    return await get_async_backend().run_sync_in_worker_thread(
           ^^^^^^^^^^^^^^^^^^^^^^^^^^^^^^^^^^^^^^^^^^^^^^^^^^^^
        func, args, abandon_on_cancel=abandon_on_cancel, limiter=limiter
        ^^^^^^^^^^^^^^^^^^^^^^^^^^^^^^^^^^^^^^^^^^^^^^^^^^^^^^^^^^^^^^^^
    )
    ^
  File "C:\Python313\Lib\site-packages\anyio\_backends\_asyncio.py", line 2485, in run_sync_in_worker_thread
    return await future
           ^^^^^^^^^^^^
  File "C:\Python313\Lib\site-packages\anyio\_backends\_asyncio.py", line 976, in run
    result = context.run(func, *args)
  File "P:\projects\AIRS\app\api\roadmap.py", line 76, in create_roadmap_item
    db.refresh(db_item)
    ~~~~~~~~~~^^^^^^^^^
  File "C:\Users\purva\AppData\Roaming\Python\Python313\site-packages\sqlalchemy\orm\session.py", line 3154, in refresh
    loading.load_on_ident(
    ~~~~~~~~~~~~~~~~~~~~~^
        self,
        ^^^^^
    ...<10 lines>...
        is_user_refresh=True,
        ^^^^^^^^^^^^^^^^^^^^^
    )
    ^
  File "C:\Users\purva\AppData\Roaming\Python\Python313\site-packages\sqlalchemy\orm\loading.py", line 510, in load_on_ident
    return load_on_pk_identity(
        session,
    ...<11 lines>...
        is_user_refresh=is_user_refresh,
    )
  File "C:\Users\purva\AppData\Roaming\Python\Python313\site-packages\sqlalchemy\orm\loading.py", line 695, in load_on_pk_identity
    session.execute(
    ~~~~~~~~~~~~~~~^
        q,
        ^^
    ...<2 lines>...
        bind_arguments=bind_arguments,
        ^^^^^^^^^^^^^^^^^^^^^^^^^^^^^^
    )
    ^
  File "C:\Users\purva\AppData\Roaming\Python\Python313\site-packages\sqlalchemy\orm\session.py", line 2351, in execute
    return self._execute_internal(
           ~~~~~~~~~~~~~~~~~~~~~~^
        statement,
        ^^^^^^^^^^
    ...<4 lines>...
        _add_event=_add_event,
        ^^^^^^^^^^^^^^^^^^^^^^
    )
    ^
  File "C:\Users\purva\AppData\Roaming\Python\Python313\site-packages\sqlalchemy\orm\session.py", line 2249, in _execute_internal
    result: Result[Any] = compile_state_cls.orm_execute_statement(
                          ~~~~~~~~~~~~~~~~~~~~~~~~~~~~~~~~~~~~~~~^
        self,
        ^^^^^
    ...<4 lines>...
        conn,
        ^^^^^
    )
    ^
  File "C:\Users\purva\AppData\Roaming\Python\Python313\site-packages\sqlalchemy\orm\context.py", line 306, in orm_execute_statement
    result = conn.execute(
        statement, params or {}, execution_options=execution_options
    )
  File "C:\Users\purva\AppData\Roaming\Python\Python313\site-packages\sqlalchemy\engine\base.py", line 1419, in execute
    return meth(
        self,
        distilled_parameters,
        execution_options or NO_OPTIONS,
    )
  File "C:\Users\purva\AppData\Roaming\Python\Python313\site-packages\sqlalchemy\sql\elements.py", line 527, in _execute_on_connection
    return connection._execute_clauseelement(
           ~~~~~~~~~~~~~~~~~~~~~~~~~~~~~~~~~^
        self, distilled_params, execution_options
        ^^^^^^^^^^^^^^^^^^^^^^^^^^^^^^^^^^^^^^^^^
    )
    ^
  File "C:\Users\purva\AppData\Roaming\Python\Python313\site-packages\sqlalchemy\engine\base.py", line 1641, in _execute_clauseelement
    ret = self._execute_context(
        dialect,
    ...<8 lines>...
        cache_hit=cache_hit,
    )
  File "C:\Users\purva\AppData\Roaming\Python\Python313\site-packages\sqlalchemy\engine\base.py", line 1846, in _execute_context
    return self._exec_single_context(
           ~~~~~~~~~~~~~~~~~~~~~~~~~^
        dialect, context, statement, parameters
        ^^^^^^^^^^^^^^^^^^^^^^^^^^^^^^^^^^^^^^^
    )
    ^
  File "C:\Users\purva\AppData\Roaming\Python\Python313\site-packages\sqlalchemy\engine\base.py", line 1986, in _exec_single_context
    self._handle_dbapi_exception(
    ~~~~~~~~~~~~~~~~~~~~~~~~~~~~^
        e, str_statement, effective_parameters, cursor, context
        ^^^^^^^^^^^^^^^^^^^^^^^^^^^^^^^^^^^^^^^^^^^^^^^^^^^^^^^
    )
    ^
  File "C:\Users\purva\AppData\Roaming\Python\Python313\site-packages\sqlalchemy\engine\base.py", line 2363, in _handle_dbapi_exception
    raise sqlalchemy_exception.with_traceback(exc_info[2]) from e
  File "C:\Users\purva\AppData\Roaming\Python\Python313\site-packages\sqlalchemy\engine\base.py", line 1967, in _exec_single_context
    self.dialect.do_execute(
    ~~~~~~~~~~~~~~~~~~~~~~~^
        cursor, str_statement, effective_parameters, context
        ^^^^^^^^^^^^^^^^^^^^^^^^^^^^^^^^^^^^^^^^^^^^^^^^^^^^
    )
    ^
  File "C:\Users\purva\AppData\Roaming\Python\Python313\site-packages\sqlalchemy\engine\default.py", line 952, in do_execute
    cursor.execute(statement, parameters)
    ~~~~~~~~~~~~~~^^^^^^^^^^^^^^^^^^^^^^^
sqlalchemy.exc.OperationalError: (sqlite3.OperationalError) no such table: roadmap_items
[SQL: SELECT roadmap_items.id, roadmap_items.organization_id, roadmap_items.assessment_id, roadmap_items.owner_uid, roadmap_items.title, roadmap_items.description, roadmap_items.status, roadmap_items.priority, roadmap_items.effort, roadmap_items.due_date, roadmap_items.created_at, roadmap_items.updated_at 
FROM roadmap_items 
WHERE roadmap_items.id = ?]
[parameters: ('630d7002-0c0a-4b65-8488-cf5837424ed1',)]
(Background on this error at: https://sqlalche.me/e/20/e3q8)
============================== warnings summary ===============================
app\db\database.py:49
  P:\projects\AIRS\app\db\database.py:49: MovedIn20Warning: The ``declarative_base()`` function is now available as sqlalchemy.orm.declarative_base(). (deprecated since: 2.0) (Background on SQLAlchemy 2.0 at: https://sqlalche.me/e/b8d9)
    Base = declarative_base()

app\schemas\base.py:6
  P:\projects\AIRS\app\schemas\base.py:6: PydanticDeprecatedSince20: Support for class-based `config` is deprecated, use ConfigDict instead. Deprecated in Pydantic V2.0 to be removed in V3.0. See Pydantic V2 Migration Guide at https://errors.pydantic.dev/2.12/migration/
    class BaseSchema(BaseModel):

app\schemas\scoring.py:13
  P:\projects\AIRS\app\schemas\scoring.py:13: PydanticDeprecatedSince20: Using extra keyword arguments on `Field` is deprecated and will be removed. Use `json_schema_extra` instead. (Extra keys: 'example'). Deprecated in Pydantic V2.0 to be removed in V3.0. See Pydantic V2 Migration Guide at https://errors.pydantic.dev/2.12/migration/
    answers: Dict[str, Any] = Field(

app\schemas\organization.py:38
  P:\projects\AIRS\app\schemas\organization.py:38: PydanticDeprecatedSince20: Support for class-based `config` is deprecated, use ConfigDict instead. Deprecated in Pydantic V2.0 to be removed in V3.0. See Pydantic V2 Migration Guide at https://errors.pydantic.dev/2.12/migration/
    class OrganizationResponse(OrganizationBase):

app\schemas\assessment.py:56
  P:\projects\AIRS\app\schemas\assessment.py:56: PydanticDeprecatedSince20: Support for class-based `config` is deprecated, use ConfigDict instead. Deprecated in Pydantic V2.0 to be removed in V3.0. See Pydantic V2 Migration Guide at https://errors.pydantic.dev/2.12/migration/
    class AnswerResponse(BaseModel):

app\schemas\assessment.py:70
  P:\projects\AIRS\app\schemas\assessment.py:70: PydanticDeprecatedSince20: Support for class-based `config` is deprecated, use ConfigDict instead. Deprecated in Pydantic V2.0 to be removed in V3.0. See Pydantic V2 Migration Guide at https://errors.pydantic.dev/2.12/migration/
    class ScoreResponse(BaseModel):

app\schemas\assessment.py:100
  P:\projects\AIRS\app\schemas\assessment.py:100: PydanticDeprecatedSince20: Support for class-based `config` is deprecated, use ConfigDict instead. Deprecated in Pydantic V2.0 to be removed in V3.0. See Pydantic V2 Migration Guide at https://errors.pydantic.dev/2.12/migration/
    class FindingResponse(BaseModel):

app\schemas\assessment.py:144
  P:\projects\AIRS\app\schemas\assessment.py:144: PydanticDeprecatedSince20: Support for class-based `config` is deprecated, use ConfigDict instead. Deprecated in Pydantic V2.0 to be removed in V3.0. See Pydantic V2 Migration Guide at https://errors.pydantic.dev/2.12/migration/
    class AssessmentResponse(BaseModel):

app\schemas\assessment.py:170
  P:\projects\AIRS\app\schemas\assessment.py:170: PydanticDeprecatedSince20: Support for class-based `config` is deprecated, use ConfigDict instead. Deprecated in Pydantic V2.0 to be removed in V3.0. See Pydantic V2 Migration Guide at https://errors.pydantic.dev/2.12/migration/
    class AssessmentSummary(BaseModel):

app\schemas\report.py:91
  P:\projects\AIRS\app\schemas\report.py:91: PydanticDeprecatedSince20: Support for class-based `config` is deprecated, use ConfigDict instead. Deprecated in Pydantic V2.0 to be removed in V3.0. See Pydantic V2 Migration Guide at https://errors.pydantic.dev/2.12/migration/
    class ReportResponse(BaseModel):

app\schemas\roadmap.py:29
  P:\projects\AIRS\app\schemas\roadmap.py:29: PydanticDeprecatedSince20: Support for class-based `config` is deprecated, use ConfigDict instead. Deprecated in Pydantic V2.0 to be removed in V3.0. See Pydantic V2 Migration Guide at https://errors.pydantic.dev/2.12/migration/
    class RoadmapItemResponse(RoadmapItemBase):

-- Docs: https://docs.pytest.org/en/stable/how-to/capture-warnings.html
=========================== short test summary info ===========================
FAILED app/tests/test_roadmap.py::test_roadmap_crud - sqlalchemy.exc.OperationalError: (sqlite3.OperationalError) no such table: roadmap_items
[SQL: SELECT roadmap_items.id, roadmap_items.organization_id, roadmap_items.assessment_id, roadmap_items.owner_uid, roadmap_items.title, roadmap_items.description, roadmap_items.status, roadmap_items.priority, roadmap_items.effort, roadmap_items.due_date, roadmap_items.created_at, roadmap_items.updated_at 
FROM roadmap_items 
WHERE roadmap_items.id = ?]
[parameters: ('630d7002-0c0a-4b65-8488-cf5837424ed1',)]
(Background on this error at: https://sqlalche.me/e/20/e3q8)
================== 1 failed, 1 passed, 11 warnings in 1.64s ===================
